{"/Users/xmly/learn/create-react-pkg/packages/demo/src/index.ts": {"path":"/Users/xmly/learn/create-react-pkg/packages/demo/src/index.ts","statementMap":{"0":{"start":{"line":1,"column":0},"end":{"line":1,"column":22}},"1":{"start":{"line":2,"column":0},"end":{"line":2,"column":25}}},"fnMap":{},"branchMap":{},"s":{"0":1,"1":1},"f":{},"b":{}}
,"/Users/xmly/learn/create-react-pkg/packages/demo/src/my-com/Demo.tsx": {"path":"/Users/xmly/learn/create-react-pkg/packages/demo/src/my-com/Demo.tsx","statementMap":{"0":{"start":{"line":1,"column":0},"end":{"line":1,"column":31}},"1":{"start":{"line":2,"column":0},"end":{"line":2,"column":44}},"2":{"start":{"line":5,"column":13},"end":{"line":7,"column":2}},"3":{"start":{"line":6,"column":4},"end":{"line":6,"column":54}}},"fnMap":{"0":{"name":"(anonymous_6)","decl":{"start":{"line":5,"column":20},"end":{"line":5,"column":21}},"loc":{"start":{"line":5,"column":43},"end":{"line":7,"column":1}}}},"branchMap":{},"s":{"0":1,"1":1,"2":1,"3":1},"f":{"0":1},"b":{}}
,"/Users/xmly/learn/create-react-pkg/packages/demo/src/my-com/Link.tsx": {"path":"/Users/xmly/learn/create-react-pkg/packages/demo/src/my-com/Link.tsx","statementMap":{"0":{"start":{"line":1,"column":0},"end":{"line":1,"column":26}},"1":{"start":{"line":3,"column":15},"end":{"line":6,"column":2}},"2":{"start":{"line":14,"column":8},"end":{"line":14,"column":21}},"3":{"start":{"line":21,"column":4},"end":{"line":23,"column":6}},"4":{"start":{"line":22,"column":8},"end":{"line":22,"column":49}},"5":{"start":{"line":25,"column":4},"end":{"line":27,"column":6}},"6":{"start":{"line":26,"column":8},"end":{"line":26,"column":48}},"7":{"start":{"line":16,"column":8},"end":{"line":18,"column":10}},"8":{"start":{"line":30,"column":8},"end":{"line":39,"column":10}},"9":{"start":{"line":12,"column":0},"end":{"line":12,"column":21}}},"fnMap":{"0":{"name":"(anonymous_1)","decl":{"start":{"line":13,"column":4},"end":{"line":13,"column":16}},"loc":{"start":{"line":13,"column":28},"end":{"line":19,"column":5}}},"1":{"name":"(anonymous_2)","decl":{"start":{"line":21,"column":20},"end":{"line":21,"column":23}},"loc":{"start":{"line":21,"column":25},"end":{"line":23,"column":5}}},"2":{"name":"(anonymous_3)","decl":{"start":{"line":25,"column":20},"end":{"line":25,"column":23}},"loc":{"start":{"line":25,"column":25},"end":{"line":27,"column":5}}},"3":{"name":"(anonymous_4)","decl":{"start":{"line":29,"column":4},"end":{"line":29,"column":10}},"loc":{"start":{"line":29,"column":10},"end":{"line":40,"column":5}}}},"branchMap":{"0":{"loc":{"start":{"line":33,"column":22},"end":{"line":33,"column":37}},"type":"binary-expr","locations":[{"start":{"line":33,"column":22},"end":{"line":33,"column":37}},{"start":{"line":33,"column":41},"end":{"line":33,"column":44}}]}},"s":{"0":1,"1":1,"2":1,"3":1,"4":0,"5":1,"6":0,"7":1,"8":1,"9":1},"f":{"0":1,"1":0,"2":0,"3":1},"b":{"0":[1,0]}}
,"/Users/xmly/learn/create-react-pkg/packages/demo/src/my-com/index.ts": {"path":"/Users/xmly/learn/create-react-pkg/packages/demo/src/my-com/index.ts","statementMap":{"0":{"start":{"line":1,"column":0},"end":{"line":1,"column":9}},"1":{"start":{"line":4,"column":9},"end":{"line":1,"column":30}},"2":{"start":{"line":2,"column":0},"end":{"line":2,"column":7}},"3":{"start":{"line":4,"column":15},"end":{"line":2,"column":26}}},"fnMap":{"0":{"name":"(anonymous_1)","decl":{"start":{"line":4,"column":9},"end":{"line":4,"column":13}},"loc":{"start":{"line":4,"column":9},"end":{"line":1,"column":30}}}},"branchMap":{},"s":{"0":1,"1":2,"2":1,"3":1},"f":{"0":1},"b":{}}
}
